[32minfo[39m|Aug-16-2022 16:28:35|conectando a mongo DB Atlas (remote)...
[32minfo[39m|Aug-16-2022 16:28:35|SERVER UP AND RUNNING ON PORT 8081 - PID WORKER 93447
[32minfo[39m|Aug-16-2022 16:28:36|EMAIL SERVICE READY
[32minfo[39m|Aug-16-2022 16:28:36|CONECTADO A MONGO DB ATLAS
[32minfo[39m|Aug-16-2022 16:56:49|conectando a mongo DB Atlas (remote)...
[32minfo[39m|Aug-16-2022 16:56:49|SERVER UP AND RUNNING ON PORT 8081 - PID WORKER 94703
[32minfo[39m|Aug-16-2022 16:56:50|EMAIL SERVICE READY
[32minfo[39m|Aug-16-2022 16:56:50|CONECTADO A MONGO DB ATLAS
[32minfo[39m|Aug-16-2022 16:58:32|conectando a mongo DB Atlas (remote)...
[32minfo[39m|Aug-16-2022 16:58:32|SERVER UP AND RUNNING ON PORT 8081 - PID WORKER 94744
[32minfo[39m|Aug-16-2022 16:58:33|EMAIL SERVICE READY
[32minfo[39m|Aug-16-2022 16:58:33|CONECTADO A MONGO DB ATLAS
[32minfo[39m|Aug-16-2022 17:14:38|conectando a mongo DB Atlas (remote)...
[32minfo[39m|Aug-16-2022 17:14:38|SERVER UP AND RUNNING ON PORT 8081 - PID WORKER 94913
[32minfo[39m|Aug-16-2022 17:14:38|EMAIL SERVICE READY
[32minfo[39m|Aug-16-2022 17:14:39|CONECTADO A MONGO DB ATLAS
[32minfo[39m|Aug-16-2022 17:19:22|conectando a mongo DB Atlas (remote)...
[32minfo[39m|Aug-16-2022 17:19:22|SERVER UP AND RUNNING ON PORT 8081 - PID WORKER 95499
[32minfo[39m|Aug-16-2022 17:19:23|CONECTADO A MONGO DB ATLAS
[32minfo[39m|Aug-16-2022 17:19:23|EMAIL SERVICE READY
[32minfo[39m|Aug-16-2022 17:19:36|conectando a mongo DB Atlas (remote)...
[32minfo[39m|Aug-16-2022 17:19:36|SERVER UP AND RUNNING ON PORT 8081 - PID WORKER 95514
[32minfo[39m|Aug-16-2022 17:19:37|EMAIL SERVICE READY
[32minfo[39m|Aug-16-2022 17:19:37|CONECTADO A MONGO DB ATLAS
[32minfo[39m|Aug-17-2022 10:08:21|conectando a mongo DB Atlas (remote)...
[32minfo[39m|Aug-17-2022 10:08:22|CONECTADO A MONGO DB ATLAS
[32minfo[39m|Aug-17-2022 10:08:22|SERVER UP AND RUNNING ON PORT 8081 - PID WORKER 96885
[32minfo[39m|Aug-17-2022 10:08:23|EMAIL SERVICE READY
[32minfo[39m|Aug-17-2022 10:10:10|conectando a mongo DB Atlas (remote)...
[32minfo[39m|Aug-17-2022 10:10:11|CONECTADO A MONGO DB ATLAS
[32minfo[39m|Aug-17-2022 10:10:11|SERVER UP AND RUNNING ON PORT 8081 - PID WORKER 96909
[32minfo[39m|Aug-17-2022 10:10:11|EMAIL SERVICE READY
[32minfo[39m|Aug-17-2022 10:13:16|conectando a mongo DB Atlas (remote)...
[32minfo[39m|Aug-17-2022 10:13:17|CONECTADO A MONGO DB ATLAS
[32minfo[39m|Aug-17-2022 10:13:17|SERVER UP AND RUNNING ON PORT 8081 - PID WORKER 96962
[32minfo[39m|Aug-17-2022 10:13:18|EMAIL SERVICE READY
[32minfo[39m|Aug-17-2022 10:17:28|conectando a mongo DB Atlas (remote)...
[32minfo[39m|Aug-17-2022 10:17:29|EMAIL SERVICE READY
[32minfo[39m|Aug-17-2022 10:17:29|CONECTADO A MONGO DB ATLAS
[32minfo[39m|Aug-17-2022 10:17:29|SERVER UP AND RUNNING ON PORT 8081 - PID WORKER 97025
[32minfo[39m|Aug-17-2022 10:18:10|conectando a mongo DB Atlas (remote)...
[32minfo[39m|Aug-17-2022 10:18:11|EMAIL SERVICE READY
[32minfo[39m|Aug-17-2022 10:18:11|CONECTADO A MONGO DB ATLAS
[32minfo[39m|Aug-17-2022 10:18:11|SERVER UP AND RUNNING ON PORT 8081 - PID WORKER 97055
[32minfo[39m|Aug-17-2022 10:20:52|conectando a mongo DB Atlas (remote)...
[32minfo[39m|Aug-17-2022 10:20:53|EMAIL SERVICE READY
[32minfo[39m|Aug-17-2022 10:20:53|CONECTADO A MONGO DB ATLAS
[32minfo[39m|Aug-17-2022 10:20:53|SERVER UP AND RUNNING ON PORT 8081 - PID WORKER 97101
[32minfo[39m|Aug-17-2022 10:30:51|conectando a mongo DB Atlas (remote)...
[32minfo[39m|Aug-17-2022 10:30:52|CONECTADO A MONGO DB ATLAS
[32minfo[39m|Aug-17-2022 10:30:52|SERVER UP AND RUNNING ON PORT 8081 - PID WORKER 97302
[32minfo[39m|Aug-17-2022 10:30:52|EMAIL SERVICE READY
[32minfo[39m|Aug-17-2022 10:31:02|conectando a mongo DB Atlas (remote)...
[32minfo[39m|Aug-17-2022 10:31:03|EMAIL SERVICE READY
[32minfo[39m|Aug-17-2022 10:31:03|CONECTADO A MONGO DB ATLAS
[32minfo[39m|Aug-17-2022 10:31:03|SERVER UP AND RUNNING ON PORT 8081 - PID WORKER 97312
[32minfo[39m|Aug-17-2022 10:31:46|conectando a mongo DB Atlas (remote)...
[32minfo[39m|Aug-17-2022 10:31:47|CONECTADO A MONGO DB ATLAS
[32minfo[39m|Aug-17-2022 10:31:47|SERVER UP AND RUNNING ON PORT 8081 - PID WORKER 97337
[32minfo[39m|Aug-17-2022 10:31:47|EMAIL SERVICE READY
[32minfo[39m|Aug-17-2022 10:41:07|conectando a mongo DB Atlas (remote)...
[32minfo[39m|Aug-17-2022 10:41:08|EMAIL SERVICE READY
[32minfo[39m|Aug-17-2022 10:41:08|CONECTADO A MONGO DB ATLAS
[32minfo[39m|Aug-17-2022 10:41:08|SERVER UP AND RUNNING ON PORT 8081 - PID WORKER 97552
[32minfo[39m|Aug-17-2022 10:46:26|conectando a mongo DB Atlas (remote)...
[32minfo[39m|Aug-17-2022 10:46:27|CONECTADO A MONGO DB ATLAS
[32minfo[39m|Aug-17-2022 10:46:27|SERVER UP AND RUNNING ON PORT 8081 - PID WORKER 97665
[32minfo[39m|Aug-17-2022 10:46:27|EMAIL SERVICE READY
[32minfo[39m|Aug-17-2022 10:50:11|conectando a mongo DB Atlas (remote)...
[32minfo[39m|Aug-17-2022 10:50:12|EMAIL SERVICE READY
[32minfo[39m|Aug-17-2022 10:50:12|CONECTADO A MONGO DB ATLAS
[32minfo[39m|Aug-17-2022 10:50:12|SERVER UP AND RUNNING ON PORT 8081 - PID WORKER 97742
[32minfo[39m|Aug-17-2022 10:53:17|conectando a mongo DB Atlas (remote)...
[32minfo[39m|Aug-17-2022 10:53:18|CONECTADO A MONGO DB ATLAS
[32minfo[39m|Aug-17-2022 10:53:18|SERVER UP AND RUNNING ON PORT 8081 - PID WORKER 97820
[32minfo[39m|Aug-17-2022 10:53:18|EMAIL SERVICE READY
[32minfo[39m|Aug-17-2022 10:54:28|conectando a mongo DB Atlas (remote)...
[32minfo[39m|Aug-17-2022 10:54:28|EMAIL SERVICE READY
[32minfo[39m|Aug-17-2022 10:54:29|CONECTADO A MONGO DB ATLAS
[32minfo[39m|Aug-17-2022 10:54:29|SERVER UP AND RUNNING ON PORT 8081 - PID WORKER 97853
[32minfo[39m|Aug-17-2022 10:54:43|conectando a mongo DB Atlas (remote)...
[32minfo[39m|Aug-17-2022 10:54:43|CONECTADO A MONGO DB ATLAS
[32minfo[39m|Aug-17-2022 10:54:43|SERVER UP AND RUNNING ON PORT 8081 - PID WORKER 97874
[32minfo[39m|Aug-17-2022 10:54:44|EMAIL SERVICE READY
[32minfo[39m|Aug-17-2022 11:39:30|conectando a mongo DB Atlas (remote)...
[32minfo[39m|Aug-17-2022 11:39:31|CONECTADO A MONGO DB ATLAS
[32minfo[39m|Aug-17-2022 11:39:31|SERVER UP AND RUNNING ON PORT 8081 - PID WORKER 98510
[32minfo[39m|Aug-17-2022 11:39:31|EMAIL SERVICE READY
[32minfo[39m|Aug-17-2022 11:47:40|conectando a mongo DB Atlas (remote)...
[32minfo[39m|Aug-17-2022 11:47:41|CONECTADO A MONGO DB ATLAS
[32minfo[39m|Aug-17-2022 11:47:41|SERVER UP AND RUNNING ON PORT 8081 - PID WORKER 98663
[32minfo[39m|Aug-17-2022 11:47:41|EMAIL SERVICE READY
[32minfo[39m|Aug-17-2022 11:48:43|conectando a mongo DB Atlas (remote)...
[32minfo[39m|Aug-17-2022 11:48:43|CONECTADO A MONGO DB ATLAS
[32minfo[39m|Aug-17-2022 11:48:43|SERVER UP AND RUNNING ON PORT 8081 - PID WORKER 98690
[32minfo[39m|Aug-17-2022 11:48:43|EMAIL SERVICE READY
[32minfo[39m|Aug-17-2022 11:49:20|conectando a mongo DB Atlas (remote)...
[32minfo[39m|Aug-17-2022 11:49:21|EMAIL SERVICE READY
[32minfo[39m|Aug-17-2022 11:49:21|CONECTADO A MONGO DB ATLAS
[32minfo[39m|Aug-17-2022 11:49:21|SERVER UP AND RUNNING ON PORT 8081 - PID WORKER 98705
[32minfo[39m|Aug-17-2022 12:34:42|conectando a mongo DB Atlas (remote)...
[32minfo[39m|Aug-17-2022 12:34:43|CONECTADO A MONGO DB ATLAS
[32minfo[39m|Aug-17-2022 12:34:43|SERVER UP AND RUNNING ON PORT 8081 - PID WORKER 99293
[32minfo[39m|Aug-17-2022 12:34:43|EMAIL SERVICE READY
[32minfo[39m|Aug-17-2022 12:49:28|conectando a mongo DB Atlas (remote)...
[32minfo[39m|Aug-17-2022 12:49:29|EMAIL SERVICE READY
[32minfo[39m|Aug-17-2022 12:49:34|CONECTADO A MONGO DB ATLAS
[32minfo[39m|Aug-17-2022 12:49:34|SERVER UP AND RUNNING ON PORT 8081 - PID WORKER 99488
[32minfo[39m|Aug-17-2022 12:51:26|conectando a mongo DB Atlas (remote)...
[32minfo[39m|Aug-17-2022 12:51:27|CONECTADO A MONGO DB ATLAS
[32minfo[39m|Aug-17-2022 12:51:27|SERVER UP AND RUNNING ON PORT 8081 - PID WORKER 99533
[32minfo[39m|Aug-17-2022 12:51:27|EMAIL SERVICE READY
[32minfo[39m|Aug-17-2022 12:52:53|conectando a mongo DB Atlas (remote)...
[32minfo[39m|Aug-17-2022 12:52:53|EMAIL SERVICE READY
[32minfo[39m|Aug-17-2022 12:52:54|CONECTADO A MONGO DB ATLAS
[32minfo[39m|Aug-17-2022 12:52:54|SERVER UP AND RUNNING ON PORT 8081 - PID WORKER 99564
[32minfo[39m|Aug-17-2022 12:53:14|conectando a mongo DB Atlas (remote)...
[32minfo[39m|Aug-17-2022 12:53:15|CONECTADO A MONGO DB ATLAS
[32minfo[39m|Aug-17-2022 12:53:15|SERVER UP AND RUNNING ON PORT 8081 - PID WORKER 99579
[32minfo[39m|Aug-17-2022 12:53:15|EMAIL SERVICE READY
[32minfo[39m|Aug-17-2022 12:58:38|conectando a mongo DB Atlas (remote)...
[32minfo[39m|Aug-17-2022 12:58:40|CONECTADO A MONGO DB ATLAS
[32minfo[39m|Aug-17-2022 12:58:40|SERVER UP AND RUNNING ON PORT 8081 - PID WORKER 99660
[32minfo[39m|Aug-17-2022 12:58:40|EMAIL SERVICE READY
[32minfo[39m|Aug-17-2022 12:59:08|conectando a mongo DB Atlas (remote)...
[32minfo[39m|Aug-17-2022 12:59:09|CONECTADO A MONGO DB ATLAS
[32minfo[39m|Aug-17-2022 12:59:09|SERVER UP AND RUNNING ON PORT 8081 - PID WORKER 99676
[32minfo[39m|Aug-17-2022 12:59:09|EMAIL SERVICE READY
[32minfo[39m|Aug-17-2022 13:00:09|conectando a mongo DB Atlas (remote)...
[32minfo[39m|Aug-17-2022 13:00:10|EMAIL SERVICE READY
[32minfo[39m|Aug-17-2022 13:00:10|CONECTADO A MONGO DB ATLAS
[32minfo[39m|Aug-17-2022 13:00:10|SERVER UP AND RUNNING ON PORT 8081 - PID WORKER 99710
[32minfo[39m|Aug-17-2022 13:02:49|conectando a mongo DB Atlas (remote)...
[32minfo[39m|Aug-17-2022 13:02:50|CONECTADO A MONGO DB ATLAS
[32minfo[39m|Aug-17-2022 13:02:50|SERVER UP AND RUNNING ON PORT 8081 - PID WORKER 99746
[32minfo[39m|Aug-17-2022 13:02:50|EMAIL SERVICE READY
[32minfo[39m|Aug-17-2022 13:04:29|conectando a mongo DB Atlas (remote)...
[32minfo[39m|Aug-17-2022 13:04:30|EMAIL SERVICE READY
[32minfo[39m|Aug-17-2022 13:04:31|CONECTADO A MONGO DB ATLAS
[32minfo[39m|Aug-17-2022 13:04:31|SERVER UP AND RUNNING ON PORT 8081 - PID WORKER 99786
[32minfo[39m|Aug-17-2022 13:06:26|conectando a mongo DB Atlas (remote)...
[32minfo[39m|Aug-17-2022 13:06:27|EMAIL SERVICE READY
[32minfo[39m|Aug-17-2022 13:06:27|CONECTADO A MONGO DB ATLAS
[32minfo[39m|Aug-17-2022 13:06:27|SERVER UP AND RUNNING ON PORT 8081 - PID WORKER 99818
[32minfo[39m|Aug-17-2022 15:45:35|conectando a mongo DB Atlas (remote)...
[32minfo[39m|Aug-17-2022 15:45:36|CONECTADO A MONGO DB ATLAS
[32minfo[39m|Aug-17-2022 15:45:36|SERVER UP AND RUNNING ON PORT 8081 - PID WORKER 986
[32minfo[39m|Aug-17-2022 15:45:37|EMAIL SERVICE READY
[32minfo[39m|Aug-17-2022 15:45:58|conectando a mongo DB Atlas (remote)...
[32minfo[39m|Aug-17-2022 15:46:00|EMAIL SERVICE READY
[32minfo[39m|Aug-17-2022 15:46:00|CONECTADO A MONGO DB ATLAS
[32minfo[39m|Aug-17-2022 15:46:00|SERVER UP AND RUNNING ON PORT 8081 - PID WORKER 1002
[32minfo[39m|Aug-18-2022 09:24:17|conectando a mongo DB Atlas (remote)...
[32minfo[39m|Aug-18-2022 09:24:18|CONECTADO A MONGO DB ATLAS
[32minfo[39m|Aug-18-2022 09:24:18|SERVER UP AND RUNNING ON PORT 8081 - PID WORKER 6148
[32minfo[39m|Aug-18-2022 09:24:18|EMAIL SERVICE READY
[32minfo[39m|Aug-18-2022 09:27:25|SERVER UP AND RUNNING ON PORT 8081 - PID WORKER 6198
[32minfo[39m|Aug-18-2022 09:27:26|EMAIL SERVICE READY
[32minfo[39m|Aug-18-2022 09:31:04|SERVER UP AND RUNNING ON PORT 8081 - PID WORKER 6312
[32minfo[39m|Aug-18-2022 09:31:05|EMAIL SERVICE READY
[32minfo[39m|Aug-18-2022 09:31:22|undefined
[32minfo[39m|Aug-18-2022 09:31:22|undefined
[32minfo[39m|Aug-18-2022 09:31:22|SERVER UP AND RUNNING ON PORT 8081 - PID WORKER 6328
[32minfo[39m|Aug-18-2022 09:31:23|EMAIL SERVICE READY
[32minfo[39m|Aug-18-2022 09:39:59|SERVER UP AND RUNNING ON PORT 8081 - PID WORKER 6425
[32minfo[39m|Aug-18-2022 09:40:00|EMAIL SERVICE READY
[32minfo[39m|Aug-18-2022 09:40:00|[object Object]
[32minfo[39m|Aug-18-2022 09:40:00|[object Object]
[32minfo[39m|Aug-18-2022 09:41:02|conectando a mongo DB Atlas (remote)...
[32minfo[39m|Aug-18-2022 09:41:02|CONECTADO A MONGO DB ATLAS
[32minfo[39m|Aug-18-2022 09:41:02|SERVER UP AND RUNNING ON PORT 8081 - PID WORKER 6442
[32minfo[39m|Aug-18-2022 09:41:02|[object Object]
[32minfo[39m|Aug-18-2022 09:41:03|EMAIL SERVICE READY
[32minfo[39m|Aug-18-2022 09:41:37|SERVER UP AND RUNNING ON PORT 8081 - PID WORKER 6463
[32minfo[39m|Aug-18-2022 09:41:38|EMAIL SERVICE READY
[32minfo[39m|Aug-18-2022 09:41:38|[object Object]
[32minfo[39m|Aug-18-2022 09:41:38|[object Object]
[32minfo[39m|Aug-18-2022 09:44:04|SERVER UP AND RUNNING ON PORT 8081 - PID WORKER 6493
[32minfo[39m|Aug-18-2022 09:44:05|[object Object]
[32minfo[39m|Aug-18-2022 09:44:05|[object Object]
[32minfo[39m|Aug-18-2022 09:44:06|EMAIL SERVICE READY
[32minfo[39m|Aug-18-2022 09:47:01|[object Object]
[32minfo[39m|Aug-18-2022 09:47:01|SERVER UP AND RUNNING ON PORT 8081 - PID WORKER 6553
[32minfo[39m|Aug-18-2022 09:47:02|EMAIL SERVICE READY
[32minfo[39m|Aug-18-2022 09:48:08|[object Object]
[32minfo[39m|Aug-18-2022 09:48:08|SERVER UP AND RUNNING ON PORT 8081 - PID WORKER 6588
[32minfo[39m|Aug-18-2022 09:48:08|EMAIL SERVICE READY
[32minfo[39m|Aug-18-2022 09:52:34|conectando a mongo DB Atlas (remote)...
[32minfo[39m|Aug-18-2022 09:52:35|EMAIL SERVICE READY
[32minfo[39m|Aug-18-2022 09:52:35|CONECTADO A MONGO DB ATLAS
[32minfo[39m|Aug-18-2022 09:52:35|SERVER UP AND RUNNING ON PORT 8081 - PID WORKER 6636
[32minfo[39m|Aug-18-2022 10:27:46|conectando a mongo DB Atlas (remote)...
[32minfo[39m|Aug-18-2022 10:27:46|SERVER UP AND RUNNING ON PORT 8081 - PID WORKER 6944
[32minfo[39m|Aug-18-2022 10:27:47|CONECTADO A MONGO DB ATLAS
[32minfo[39m|Aug-18-2022 10:27:47|EMAIL SERVICE READY
